<?xml version="1.0" encoding="UTF-8"?>
<!-- Generated by org.testng.reporters.JUnitReportReporter -->
<testsuite hostname="INLEN8520063932" failures="0" tests="1" name="ui.TC01TestNGfirstBasic" time="7.245" errors="0" timestamp="2023-02-18T22:36:38 IST" skipped="0">
  <testcase classname="ui.TC01TestNGfirstBasic" name="Google" time="7.245"/>
  <system-out/>
</testsuite> <!-- ui.TC01TestNGfirstBasic -->
