<?xml version="1.0" encoding="UTF-8"?>
<!-- Generated by org.testng.reporters.JUnitReportReporter -->
<testsuite hostname="INLEN8520063932" failures="0" tests="2" name="ui.TC02BeforeAfter" time="0.006" errors="0" timestamp="2023-01-31T21:03:23 IST" skipped="0">
  <testcase classname="ui.TC02BeforeAfter" name="RunTestCase1" time="0.005"/>
  <system-out/>
  <testcase classname="ui.TC02BeforeAfter" name="RunTestCase2" time="0.001"/>
  <system-out/>
</testsuite> <!-- ui.TC02BeforeAfter -->
