<?xml version="1.0" encoding="UTF-8"?>
<!-- Generated by org.testng.reporters.JUnitReportReporter -->
<testsuite hostname="INLEN8520063932" failures="0" tests="1" name="ui.TC02Before" time="0.005" errors="0" timestamp="2022-09-14T09:22:39 IST" skipped="0">
  <testcase classname="ui.TC02Before" name="asach" time="0.005"/>
  <system-out/>
</testsuite> <!-- ui.TC02Before -->
