<?xml version="1.0" encoding="UTF-8"?>
<!-- Generated by org.testng.reporters.JUnitReportReporter -->
<testsuite hostname="INLEN8520063932" failures="0" tests="2" name="ui.LoginTest" time="5.216" errors="0" timestamp="2022-09-14T09:15:35 IST" skipped="0">
  <testcase classname="ui.LoginTest" name="Bing" time="3.163"/>
  <system-out/>
  <testcase classname="ui.LoginTest" name="Google" time="2.053"/>
  <system-out/>
</testsuite> <!-- ui.LoginTest -->
