<?xml version="1.0" encoding="UTF-8"?>
<!-- Generated by org.testng.reporters.JUnitReportReporter -->
<testsuite hostname="INLEN8520063932" failures="0" tests="1" name="testCases.TC03VerifyTitle" time="7.122" errors="0" timestamp="2023-02-19T19:51:49 IST" skipped="0">
  <testcase classname="testCases.TC03VerifyTitle" name="verifyTitle" time="7.122"/>
  <system-out/>
</testsuite> <!-- testCases.TC03VerifyTitle -->
