<?xml version="1.0" encoding="UTF-8"?>
<!-- Generated by org.testng.reporters.JUnitReportReporter -->
<testsuite hostname="INLEN8520063932" failures="0" tests="1" name="testCases.TC01ValidLogin" time="6.475" errors="0" timestamp="2022-10-15T17:43:36 IST" skipped="0">
  <testcase classname="testCases.TC01ValidLogin" name="validLogin" time="6.475"/>
  <system-out/>
</testsuite> <!-- testCases.TC01ValidLogin -->
