<?xml version="1.0" encoding="UTF-8"?>
<!-- Generated by org.testng.reporters.JUnitReportReporter -->
<testsuite hostname="INLEN8520063932" failures="0" tests="1" name="testCases.TC01VerifyValidLogin" time="8.143" errors="0" timestamp="2023-03-18T19:33:00 IST" skipped="0">
  <testcase classname="testCases.TC01VerifyValidLogin" name="verifyValidLogin" time="8.143"/>
  <system-out/>
</testsuite> <!-- testCases.TC01VerifyValidLogin -->
