<?xml version="1.0" encoding="UTF-8"?>
<!-- Generated by org.testng.reporters.JUnitReportReporter -->
<testsuite hostname="INLEN8520063932" failures="0" tests="10" name="practice1.Practice" time="134.707" errors="0" timestamp="2023-03-18T20:19:58 IST" skipped="0">
  <testcase classname="practice1.Practice" name="links" time="7.893"/>
  <system-out/>
  <testcase classname="practice1.Practice" name="windowsHandles" time="20.566"/>
  <system-out/>
  <testcase classname="practice1.Practice" name="actions" time="22.978"/>
  <system-out/>
  <testcase classname="practice1.Practice" name="keyBoard" time="18.227"/>
  <system-out/>
  <testcase classname="practice1.Practice" name="dropDown" time="9.959"/>
  <system-out/>
  <testcase classname="practice1.Practice" name="date" time="14.502"/>
  <system-out/>
  <testcase classname="practice1.Practice" name="explicitWait" time="8.878"/>
  <system-out/>
  <testcase classname="practice1.Practice" name="table" time="10.512"/>
  <system-out/>
  <testcase classname="practice1.Practice" name="alert" time="12.753"/>
  <system-out/>
  <testcase classname="practice1.Practice" name="getText" time="8.439"/>
  <system-out/>
</testsuite> <!-- practice1.Practice -->
