<?xml version="1.0" encoding="UTF-8"?>
<!-- Generated by org.testng.reporters.JUnitReportReporter -->
<testsuite hostname="INLEN8520063932" failures="0" tests="1" name="testCases.TC02CreateCustomer" time="16.362" errors="0" timestamp="2022-09-22T20:37:27 IST" skipped="0">
  <testcase classname="testCases.TC02CreateCustomer" name="createCustomer" time="16.362"/>
  <system-out/>
</testsuite> <!-- testCases.TC02CreateCustomer -->
