<?xml version="1.0" encoding="UTF-8"?>
<!-- Generated by org.testng.reporters.JUnitReportReporter -->
<testsuite hostname="INLEN8520063932" failures="0" tests="1" name="testCases.TC01VerifyLogin" time="30.005" errors="0" timestamp="2022-10-11T17:04:19 IST" skipped="0">
  <testcase classname="testCases.TC01VerifyLogin" name="verifyInValidLogin" time="30.005"/>
  <system-out/>
</testsuite> <!-- testCases.TC01VerifyLogin -->
