<?xml version="1.0" encoding="UTF-8"?>
<!-- Generated by org.testng.reporters.JUnitReportReporter -->
<testsuite hostname="INLEN8520063932" failures="0" tests="2" name="ui.TC06Skip" time="0.007" errors="0" timestamp="2022-09-14T15:09:40 IST" skipped="1">
  <testcase classname="ui.TC06Skip" name="Test2" time="0.007"/>
  <system-out/>
  <testcase classname="ui.TC06Skip" name="Test1">
    <skipped/>
  </testcase> <!-- Test1 -->
  <system-out/>
</testsuite> <!-- ui.TC06Skip -->
