<?xml version="1.0" encoding="UTF-8"?>
<!-- Generated by org.testng.reporters.JUnitReportReporter -->
<testsuite hostname="INLEN8520063932" failures="0" tests="1" name="ui.TC03VerifyTitleByAssert" time="4.948" errors="0" timestamp="2022-09-14T17:04:20 IST" skipped="0">
  <testcase classname="ui.TC03VerifyTitleByAssert" name="VerifyTitle" time="4.948"/>
  <system-out/>
</testsuite> <!-- ui.TC03VerifyTitleByAssert -->
