<?xml version="1.0" encoding="UTF-8"?>
<!-- Generated by org.testng.reporters.JUnitReportReporter -->
<testsuite hostname="INLEN8520063932" failures="0" tests="2" name="ui.TC01TestNGfirstBasic" time="7.217" errors="0" timestamp="2022-09-14T17:59:52 IST" skipped="0">
  <testcase classname="ui.TC01TestNGfirstBasic" name="Bing" time="2.828"/>
  <system-out/>
  <testcase classname="ui.TC01TestNGfirstBasic" name="Google" time="4.389"/>
  <system-out/>
</testsuite> <!-- ui.TC01TestNGfirstBasic -->
