<?xml version="1.0" encoding="UTF-8"?>
<!-- Generated by org.testng.reporters.JUnitReportReporter -->
<testsuite hostname="INLEN8520063932" failures="0" tests="1" name="ui.TC04SoftAssert" time="5.435" errors="0" timestamp="2022-09-14T17:04:20 IST" skipped="0">
  <testcase classname="ui.TC04SoftAssert" name="TestingSoftAssert" time="5.435"/>
  <system-out/>
</testsuite> <!-- ui.TC04SoftAssert -->
