<?xml version="1.0" encoding="UTF-8"?>
<!-- Generated by org.testng.reporters.JUnitReportReporter -->
<testsuite hostname="INLEN8520063932" failures="0" tests="3" name="ui.TC05Groups" time="0.003" errors="0" timestamp="2022-09-14T17:04:20 IST" skipped="0">
  <testcase classname="ui.TC05Groups" name="Test2" time="0.001"/>
  <system-out/>
  <testcase classname="ui.TC05Groups" name="Test3" time="0.001"/>
  <system-out/>
  <testcase classname="ui.TC05Groups" name="Test1" time="0.001"/>
  <system-out/>
</testsuite> <!-- ui.TC05Groups -->
