<?xml version="1.0" encoding="UTF-8"?>
<!-- Generated by org.testng.reporters.JUnitReportReporter -->
<testsuite hostname="INLEN8520063932" failures="0" tests="1" name="testCases.TC04VerifyURL" time="23.246" errors="0" timestamp="2022-10-15T18:01:59 IST" skipped="0">
  <testcase classname="testCases.TC04VerifyURL" name="validLogin" time="23.246"/>
  <system-out/>
</testsuite> <!-- testCases.TC04VerifyURL -->
