<?xml version="1.0" encoding="UTF-8"?>
<!-- Generated by org.testng.reporters.JUnitReportReporter -->
<testsuite hostname="INLEN8520063932" failures="0" tests="1" name="testCases.TC03VerifyTitle" time="28.009" errors="0" timestamp="2022-10-15T17:57:06 IST" skipped="0">
  <testcase classname="testCases.TC03VerifyTitle" name="validLogin" time="28.009"/>
  <system-out/>
</testsuite> <!-- testCases.TC03VerifyTitle -->
