<?xml version="1.0" encoding="UTF-8"?>
<!-- Generated by org.testng.reporters.JUnitReportReporter -->
<testsuite hostname="INLEN8520063932" failures="0" tests="4" name="testCases.TC05RunAll" time="61.470" errors="0" timestamp="2022-10-15T18:06:41 IST" skipped="0">
  <testcase classname="testCases.TC05RunAll" name="verifyURL" time="8.665"/>
  <system-out/>
  <testcase classname="testCases.TC05RunAll" name="verifyTitle" time="7.539"/>
  <system-out/>
  <testcase classname="testCases.TC05RunAll" name="verifyValidLogin" time="21.536"/>
  <system-out/>
  <testcase classname="testCases.TC05RunAll" name="verifyInValidLogin" time="23.730"/>
  <system-out/>
</testsuite> <!-- testCases.TC05RunAll -->
